<?xml version="1.0" encoding="UTF-8"?>
<testsuite name="TestStart" tests="1" skipped="0" failures="0" errors="0" timestamp="2021-04-09T16:00:41" hostname="MacBook-Pro-de-Leticia.local" time="0.017">
  <properties/>
  <testcase name="testOk" classname="TestStart" time="0.017"/>
  <system-out><![CDATA[]]></system-out>
  <system-err><![CDATA[]]></system-err>
</testsuite>
